<?xml version="1.0" encoding="UTF-8"?>
<!-- Generated by org.testng.reporters.JUnitReportReporter -->
<testsuite hostname="MSI" failures="0" tests="4" name="com.amazon.test.framework.checkCartTotal.TestCartTotal" time="99.119" errors="0" timestamp="2023-02-08T04:56:21 GMT-08:00" skipped="0">
  <testcase classname="com.amazon.test.framework.checkCartTotal.TestCartTotal" name="testAmazonCart" time="28.075"/>
  <system-out/>
  <testcase classname="com.amazon.test.framework.checkCartTotal.TestCartTotal" name="testAmazonCart" time="25.750"/>
  <system-out/>
  <testcase classname="com.amazon.test.framework.checkCartTotal.TestCartTotal" name="testAmazonCart" time="18.966"/>
  <system-out/>
  <testcase classname="com.amazon.test.framework.checkCartTotal.TestCartTotal" name="testAmazonCart" time="26.328"/>
  <system-out/>
</testsuite> <!-- com.amazon.test.framework.checkCartTotal.TestCartTotal -->
